This is XeTeX, Version 3.141592653-2.6-0.999993 (TeX Live 2022/dev/Debian) (preloaded format=xelatex 2024.12.29)  29 DEC 2024 15:54
entering extended mode
 restricted \write18 enabled.
 %&-line parsing enabled.
**Resume_TzeHow.tex
(/usr/share/texlive/texmf-dist/tex/latex/tools/q.tex
! Interruption.
<to be read again> 
                   \begingroup 
l.1 
    %%
? q
OK, entering \batchmode...
LaTeX2e <2021-11-15> patch level 1
 L3 programming layer <2022-01-21> File ignored
)
! Emergency stop.
<*> Resume_TzeHow.tex
                     
*** (job aborted, no legal \end found)

 
Here is how much of TeX's memory you used:
 17 strings out of 478190
 422 string characters out of 5854826
 289942 words of memory out of 5000000
 20724 multiletter control sequences out of 15000+600000
 469259 words of font info for 28 fonts, out of 8000000 for 9000
 14 hyphenation exceptions out of 8191
 12i,0n,12p,97b,10s stack positions out of 5000i,500n,10000p,200000b,80000s
No pages of output.
